<?xml version="1.0" encoding="UTF-8"?>
<testng-results skipped="0" failed="0" total="1" passed="1">
  <reporter-output>
  </reporter-output>
  <suite name="Suite" duration-ms="13290" started-at="2020-04-11T17:18:19Z" finished-at="2020-04-11T17:18:33Z">
    <groups>
      <group name="Acceptance">
        <method signature="RegistrationTest.registrationTC()[pri:0, instance:Test.RegistrationTest@49e4cb85]" name="registrationTC" class="Test.RegistrationTest"/>
      </group> <!-- Acceptance -->
    </groups>
    <test name="Test" duration-ms="13290" started-at="2020-04-11T17:18:19Z" finished-at="2020-04-11T17:18:33Z">
      <class name="Test.RegistrationTest">
        <test-method status="PASS" signature="registrationTC()[pri:0, instance:Test.RegistrationTest@49e4cb85]" name="registrationTC" duration-ms="13249" started-at="2020-04-11T12:18:19Z" finished-at="2020-04-11T12:18:33Z">
          <reporter-output>
          </reporter-output>
        </test-method> <!-- registrationTC -->
      </class> <!-- Test.RegistrationTest -->
    </test> <!-- Test -->
  </suite> <!-- Suite -->
</testng-results>
